This is pdfTeX, Version 3.14159265-2.6-1.40.16 (TeX Live 2015/Debian) (preloaded format=pdflatex 2017.10.4)  28 OCT 2017 22:31
entering extended mode
 restricted \write18 enabled.
 %&-line parsing enabled.
**doc.tex
(/usr/share/texlive/texmf-dist/tex/latex/tools/q.tex
LaTeX2e <2016/02/01>
Babel <3.9q> and hyphenation patterns for 4 language(s) loaded.
File ignored
)
! Emergency stop.
<*> doc.tex
           
*** (job aborted, no legal \end found)

 
Here is how much of TeX's memory you used:
 7 strings out of 494918
 249 string characters out of 6180101
 45670 words of memory out of 5000000
 3393 multiletter control sequences out of 15000+600000
 3640 words of font info for 14 fonts, out of 8000000 for 9000
 34 hyphenation exceptions out of 8191
 5i,0n,1p,87b,8s stack positions out of 5000i,500n,10000p,200000b,80000s
!  ==> Fatal error occurred, no output PDF file produced!
